[debug] [2026-02-19T10:05:19.727Z] ----------------------------------------------------------------------
[debug] [2026-02-19T10:05:19.730Z] Command:       C:\Program Files\nodejs\node.exe C:\Users\patel\AppData\Roaming\npm\node_modules\firebase-tools\lib\bin\firebase.js projects:list --json
[debug] [2026-02-19T10:05:19.730Z] CLI Version:   14.2.1
[debug] [2026-02-19T10:05:19.730Z] Platform:      win32
[debug] [2026-02-19T10:05:19.730Z] Node Version:  v20.19.0
[debug] [2026-02-19T10:05:19.730Z] Time:          Thu Feb 19 2026 15:35:19 GMT+0530 (India Standard Time)
[debug] [2026-02-19T10:05:19.731Z] ----------------------------------------------------------------------
[debug] 
[debug] [2026-02-19T10:05:19.734Z] >>> [apiv2][query] GET https://firebase-public.firebaseio.com/cli.json [none]
[debug] [2026-02-19T10:05:19.788Z] > command requires scopes: ["email","openid","https://www.googleapis.com/auth/cloudplatformprojects.readonly","https://www.googleapis.com/auth/firebase","https://www.googleapis.com/auth/cloud-platform"]
[debug] [2026-02-19T10:05:19.788Z] > authorizing via signed-in user (patelppr5@gmail.com)
[debug] [2026-02-19T10:05:19.792Z] Checked if tokens are valid: false, expires at: 1745858762268
[debug] [2026-02-19T10:05:19.793Z] Checked if tokens are valid: false, expires at: 1745858762268
[debug] [2026-02-19T10:05:19.793Z] > refreshing access token with scopes: []
[debug] [2026-02-19T10:05:19.794Z] >>> [apiv2][query] POST https://www.googleapis.com/oauth2/v3/token [none]
[debug] [2026-02-19T10:05:19.795Z] >>> [apiv2][body] POST https://www.googleapis.com/oauth2/v3/token [omitted]
[debug] [2026-02-19T10:05:20.401Z] <<< [apiv2][status] GET https://firebase-public.firebaseio.com/cli.json 200
[debug] [2026-02-19T10:05:20.401Z] <<< [apiv2][body] GET https://firebase-public.firebaseio.com/cli.json {"cloudBuildErrorAfter":1594252800000,"cloudBuildWarnAfter":1590019200000,"defaultNode10After":1594252800000,"minVersion":"3.0.5","node8DeploysDisabledAfter":1613390400000,"node8RuntimeDisabledAfter":1615809600000,"node8WarnAfter":1600128000000}
[debug] [2026-02-19T10:05:23.668Z] <<< [apiv2][status] POST https://www.googleapis.com/oauth2/v3/token 400
[debug] [2026-02-19T10:05:23.668Z] <<< [apiv2][body] POST https://www.googleapis.com/oauth2/v3/token [omitted]
[debug] [2026-02-19T10:05:23.670Z] >>> [apiv2][query] GET https://firebase.googleapis.com/v1beta1/projects pageSize=1000
[debug] [2026-02-19T10:05:24.938Z] <<< [apiv2][status] GET https://firebase.googleapis.com/v1beta1/projects 401
[debug] [2026-02-19T10:05:24.938Z] <<< [apiv2][body] GET https://firebase.googleapis.com/v1beta1/projects [omitted]
[debug] [2026-02-19T10:05:24.939Z] Got a 401 Unauthenticated error for a call that required authentication. Refreshing tokens.
[debug] [2026-02-19T10:05:24.939Z] Checked if tokens are valid: false, expires at: 1745858762268
[debug] [2026-02-19T10:05:24.939Z] Checked if tokens are valid: false, expires at: 1745858762268
[debug] [2026-02-19T10:05:24.939Z] > refreshing access token with scopes: []
[debug] [2026-02-19T10:05:24.939Z] >>> [apiv2][query] POST https://www.googleapis.com/oauth2/v3/token [none]
[debug] [2026-02-19T10:05:24.939Z] >>> [apiv2][body] POST https://www.googleapis.com/oauth2/v3/token [omitted]
[debug] [2026-02-19T10:05:25.352Z] <<< [apiv2][status] POST https://www.googleapis.com/oauth2/v3/token 400
[debug] [2026-02-19T10:05:25.352Z] <<< [apiv2][body] POST https://www.googleapis.com/oauth2/v3/token [omitted]
[debug] [2026-02-19T10:05:25.353Z] Request to https://firebase.googleapis.com/v1beta1/projects?pageSize=1000 had HTTP Error: 401, Request had invalid authentication credentials. Expected OAuth 2 access token, login cookie or other valid authentication credential. See https://developers.google.com/identity/sign-in/web/devconsole-project.
[debug] [2026-02-19T10:05:25.509Z] FirebaseError: Request to https://firebase.googleapis.com/v1beta1/projects?pageSize=1000 had HTTP Error: 401, Request had invalid authentication credentials. Expected OAuth 2 access token, login cookie or other valid authentication credential. See https://developers.google.com/identity/sign-in/web/devconsole-project.
    at responseToError (C:\Users\patel\AppData\Roaming\npm\node_modules\firebase-tools\lib\responseToError.js:52:12)
    at RetryOperation._fn (C:\Users\patel\AppData\Roaming\npm\node_modules\firebase-tools\lib\apiv2.js:312:77)
    at process.processTicksAndRejections (node:internal/process/task_queues:95:5)
[error] 
[error] Error: Failed to list Firebase projects. See firebase-debug.log for more info.
